#
# There is insufficient memory for the Java Runtime Environment to continue.
# Native memory allocation (malloc) failed to allocate 201856 bytes for Chunk::new
# Possible reasons:
#   The system is out of physical RAM or swap space
#   The process is running with CompressedOops enabled, and the Java Heap may be blocking the growth of the native heap
# Possible solutions:
#   Reduce memory load on the system
#   Increase physical memory or swap space
#   Check if swap backing store is full
#   Decrease Java heap size (-Xmx/-Xms)
#   Decrease number of Java threads
#   Decrease Java thread stack sizes (-Xss)
#   Set larger code cache with -XX:ReservedCodeCacheSize=
#   JVM is running with Unscaled Compressed Oops mode in which the Java heap is
#     placed in the first 4GB address space. The Java Heap base address is the
#     maximum limit for the native heap growth. Please use -XX:HeapBaseMinAddress
#     to set the Java Heap base and to place the Java Heap above 4GB virtual address.
# This output file may be truncated or incomplete.
#
#  Out of Memory Error (arena.cpp:184), pid=117316, tid=116548
#
# JRE version: OpenJDK Runtime Environment Corretto-18.0.2.9.1 (18.0.2+9) (build 18.0.2+9-FR)
# Java VM: OpenJDK 64-Bit Server VM Corretto-18.0.2.9.1 (18.0.2+9-FR, mixed mode, sharing, tiered, compressed oops, compressed class ptrs, g1 gc, windows-amd64)
# No core dump will be written. Minidumps are not enabled by default on client versions of Windows
#

---------------  S U M M A R Y ------------

Command Line: -javaagent:C:\Program Files\JetBrains\IntelliJ IDEA 2023.2.1\lib\idea_rt.jar=60334:C:\Program Files\JetBrains\IntelliJ IDEA 2023.2.1\bin -Dfile.encoding=UTF-8 -Dsun.stdout.encoding=UTF-8 -Dsun.stderr.encoding=UTF-8 --module-path=C:\Users\ilyes\.m2\repository\org\openjfx\javafx-graphics\18.0.2\javafx-graphics-18.0.2-win.jar;C:\Users\ilyes\.m2\repository\org\openjfx\javafx-fxml\18.0.2\javafx-fxml-18.0.2-win.jar;C:\Users\ilyes\.m2\repository\org\openjfx\javafx-base\18.0.2\javafx-base-18.0.2-win.jar;C:\Users\ilyes\.m2\repository\org\kordamp\bootstrapfx\bootstrapfx-core\0.4.0\bootstrapfx-core-0.4.0.jar;C:\Users\ilyes\.m2\repository\org\controlsfx\controlsfx\11.1.2\controlsfx-11.1.2.jar;C:\Users\ilyes\CodePerso\JavaFX\Morpion\target\classes;C:\Users\ilyes\.m2\repository\com\dlsc\formsfx\formsfx-core\11.6.0\formsfx-core-11.6.0.jar;C:\Users\ilyes\.m2\repository\org\openjfx\javafx-controls\18.0.2\javafx-controls-18.0.2-win.jar -Djdk.module.main=com.example.morpion com.example.morpion/com.example.morpion.MorpionApplication

Host: AMD Ryzen 5 5600H with Radeon Graphics         , 12 cores, 7G,  Windows 11 , 64 bit Build 22621 (10.0.22621.3958)
Time: Mon Aug 26 14:40:49 2024 Paris, Madrid (heure duild 22621 (10.0.22621.3958) elapsed time: 0.087496 seconds (0d 0h 0m 0s)

---------------  T H R E A D  ---------------

Current thread (0x0000020d7ef8d7b0):  JavaThread "C2 CompilerThread0" daemon [_thread_in_native, id=116548, stack(0x00000075dd100000,0x00000075dd200000)]


Current CompileTask:
C2:     87  233       4       jdk.internal.module.Checks::isJavaIdentifier (76 bytes)

Stack: [0x00000075dd100000,0x00000075dd200000]
Native frames: (J=compiled Java code, j=interpreted, Vv=VM code, C=native code)
V  [jvm.dll+0x685a2a]
V  [jvm.dll+0x82ae8d]
V  [jvm.dll+0x82c75e]
V  [jvm.dll+0x82ce03]
V  [jvm.dll+0x25ef4b]
V  [jvm.dll+0xd42d2]
V  [jvm.dll+0xd4665]
V  [jvm.dll+0x2ca852]
V  [jvm.dll+0x5907bf]
V  [jvm.dll+0x23bf2a]
V  [jvm.dll+0x235650]
V  [jvm.dll+0x232e1f]
V  [jvm.dll+0x1c0a35]
V  [jvm.dll+0x24212c]
V  [jvm.dll+0x240534]
V  [jvm.dll+0x7df6db]
V  [jvm.dll+0x7d9cba]
V  [jvm.dll+0x6848a5]
C  [ucrtbase.dll+0x29333]
C  [KERNEL32.DLL+0x1257d]
C  [ntdll.dll+0x5af28]


---------------  P R O C E S S  ---------------

Threads class SMR info:
_java_thread_list=0x0000020d7f23ad80, length=12, elements={
0x0000020d6dce7540, 0x0000020d7ef63450, 0x0000020d7ef644c0, 0x0000020d7ef7f5d0,
0x0000020d7ef7fe80, 0x0000020d7ef80820, 0x0000020d7ef891d0, 0x0000020d7ef8d7b0,
0x0000020d7ef8e190, 0x0000020d7ef90b80, 0x0000020d7ef500d0, 0x0000020d7f2cbf00
}

Java Threads: ( => current thread )
  0x0000020d6dce7540 JavaThread "main" [_thread_in_Java, id=53396, stack(0x00000075dc400000,0x00000075dc500000)]
  0x0000020d7ef63450 JavaThread "Reference Handler" daemon [_thread_blocked, id=64972, stack(0x00000075dcb00000,0x00000075dcc00000)]
  0x0000020d7ef644c0 JavaThread "Finalizer" daemon [_thread_blocked, id=119104, stack(0x00000075dcc00000,0x00000075dcd00000)]
  0x0000020d7ef7f5d0 JavaThread "Signal Dispatcher" daemon [_thread_blocked, id=108796, stack(0x00000075dcd00000,0x00000075dce00000)]
  0x0000020d7ef7fe80 JavaThread "Attach Listener" daemon [_thread_blocked, id=115360, stack(0x00000075dce00000,0x00000075dcf00000)]
  0x0000020d7ef80820 JavaThread "Service Thread" daemon [_thread_blocked, id=119500, stack(0x00000075dcf00000,0x00000075dd000000)]
  0x0000020d7ef891d0 JavaThread "Monitor Deflation Thread" daemon [_thread_blocked, id=103864, stack(0x00000075dd000000,0x00000075dd100000)]
=>0x0000020d7ef8d7b0 JavaThread "C2 CompilerThread0" daemon [_thread_in_native, id=116548, stack(0x00000075dd100000,0x00000075dd200000)]
  0x0000020d7ef8e190 JavaThread "C1 CompilerThread0" daemon [_thread_in_vm, id=117328, stack(0x00000075dd200000,0x00000075dd300000)]
  0x0000020d7ef90b80 JavaThread "Sweeper thread" daemon [_thread_blocked, id=116720, stack(0x00000075dd300000,0x00000075dd400000)]
  0x0000020d7ef500d0 JavaThread "Common-Cleaner" daemon [_thread_blocked, id=118080, stack(0x00000075dd400000,0x00000075dd500000)]
  0x0000020d7f2cbf00 JavaThread "C2 CompilerThread1" daemon [_thread_in_native, id=113932, stack(0x00000075dd500000,0x00000075dd600000)]

Other Threads:
  0x0000020d7ef5de50 VMThread "VM Thread" [stack: 0x00000075dca00000,0x00000075dcb00000] [id=88996]
  0x0000020d6dd42b30 WorkerThread "GC Thread#0" [stack: 0x00000075dc500000,0x00000075dc600000] [id=116924]
  0x0000020d6dd51d80 ConcurrentGCThread "G1 Main Marker" [stack: 0x00000075dc600000,0x00000075dc700000] [id=118788]
  0x0000020d6dd52770 WorkerThread "G1 Conc#0" [stack: 0x00000075dc700000,0x00000075dc800000] [id=111976]
  0x0000020d6dd9e040 ConcurrentGCThread "G1 Refine#0" [stack: 0x00000075dc800000,0x00000075dc900000] [id=105880]
  0x0000020d6dd9e950 ConcurrentGCThread "G1 Service" [stack: 0x00000075dc900000,0x00000075dca00000] [id=117896]

Threads with active compile tasks:
C2 CompilerThread0      115  233       4       jdk.internal.module.Checks::isJavaIdentifier (76 bytes)
C1 CompilerThread0      115  319       3       java.lang.module.ModuleDescriptor::hashCode (170 bytes)
C2 CompilerThread1      115  304   !   4       java.util.zip.ZipFile$Source::checkAndAddEntry (209 bytes)

VM state: not at safepoint (normal execution)

VM Mutex/Monitor currently owned by a thread: None

Heap address: 0x000000008a600000, size: 1882 MB, Compressed Oops mode: 32-bit

CDS archive(s) mapped at: [0x0000000800000000-0x0000000800ba0000-0x0000000800ba0000), size 12189696, SharedBaseAddress: 0x0000000800000000, ArchiveRelocationMode: 0.
Compressed class space mapped at: 0x0000000800c00000-0x0000000840c00000, reserved size: 1073741824
Narrow klass base: 0x0000000800000000, Narrow klass shift: 0, Narrow klass range: 0x100000000

GC Precious Log:
 CardTable entry size: 512
 Card Set container configuration: InlinePtr #cards 5 size 8 Array Of Cards #cards 12 size 40 Howl #buckets 4 coarsen threshold 1843 Howl Bitmap #cards 512 size 80 coarsen threshold 460 Card regions per heap region 1 cards per card region 2048
 CPUs: 12 total, 12 available
 Memory: 7521M
 Large Page Support: Disabled
 NUMA Support: Disabled
 Compressed Oops: Enabled (32-bit)
 Heap Region Size: 1M
 Heap Min Capacity: 8M
 Heap Initial Capacity: 118M
 Heap Max Capacity: 1882M
 Pre-touch: Disabled
 Parallel Workers: 10
 Concurrent Workers: 3
 Concurrent Refinement Workers: 10
 Periodic GC: Disabled

Heap:
 garbage-first heap   total 120832K, used 6144K [0x000000008a600000, 0x0000000100000000)
  region size 1024K, 7 young (7168K), 0 survivors (0K)
 Metaspace       used 665K, committed 832K, reserved 1114112K
  class space    used 51K, committed 128K, reserved 1048576K

Heap Regions: E=young(eden), S=young(survivor), O=old, HS=humongous(starts), HC=humongous(continues), CS=collection set, F=free, OA=open archive, CA=closed archive, TAMS=top-at-mark-start (previous, next)
|   0|0x000000008a600000, 0x000000008a600000, 0x000000008a700000|  0%| F|  |TAMS 0x000000008a600000, 0x000000008a600000| Untracked 
|   1|0x000000008a700000, 0x000000008a700000, 0x000000008a800000|  0%| F|  |TAMS 0x000000008a700000, 0x000000008a700000| Untracked 
|   2|0x000000008a800000, 0x000000008a800000, 0x000000008a900000|  0%| F|  |TAMS 0x000000008a800000, 0x000000008a800000| Untracked 
|   3|0x000000008a900000, 0x000000008a900000, 0x000000008aa00000|  0%| F|  |TAMS 0x000000008a900000, 0x000000008a900000| Untracked 
|   4|0x000000008aa00000, 0x000000008aa00000, 0x000000008ab00000|  0%| F|  |TAMS 0x000000008aa00000, 0x000000008aa00000| Untracked 
|   5|0x000000008ab00000, 0x000000008ab00000, 0x000000008ac00000|  0%| F|  |TAMS 0x000000008ab00000, 0x000000008ab00000| Untracked 
|   6|0x000000008ac00000, 0x000000008ac00000, 0x000000008ad00000|  0%| F|  |TAMS 0x000000008ac00000, 0x000000008ac00000| Untracked 
|   7|0x000000008ad00000, 0x000000008ad00000, 0x000000008ae00000|  0%| F|  |TAMS 0x000000008ad00000, 0x000000008ad00000| Untracked 
|   8|0x000000008ae00000, 0x000000008ae00000, 0x000000008af00000|  0%| F|  |TAMS 0x000000008ae00000, 0x000000008ae00000| Untracked 
|   9|0x000000008af00000, 0x000000008af00000, 0x000000008b000000|  0%| F|  |TAMS 0x000000008af00000, 0x000000008af00000| Untracked 
|  10|0x000000008b000000, 0x000000008b000000, 0x000000008b100000|  0%| F|  |TAMS 0x000000008b000000, 0x000000008b000000| Untracked 
|  11|0x000000008b100000, 0x000000008b100000, 0x000000008b200000|  0%| F|  |TAMS 0x000000008b100000, 0x000000008b100000| Untracked 
|  12|0x000000008b200000, 0x000000008b200000, 0x000000008b300000|  0%| F|  |TAMS 0x000000008b200000, 0x000000008b200000| Untracked 
|  13|0x000000008b300000, 0x000000008b300000, 0x000000008b400000|  0%| F|  |TAMS 0x000000008b300000, 0x000000008b300000| Untracked 
|  14|0x000000008b400000, 0x000000008b400000, 0x000000008b500000|  0%| F|  |TAMS 0x000000008b400000, 0x000000008b400000| Untracked 
|  15|0x000000008b500000, 0x000000008b500000, 0x000000008b600000|  0%| F|  |TAMS 0x000000008b500000, 0x000000008b500000| Untracked 
|  16|0x000000008b600000, 0x000000008b600000, 0x000000008b700000|  0%| F|  |TAMS 0x000000008b600000, 0x000000008b600000| Untracked 
|  17|0x000000008b700000, 0x000000008b700000, 0x000000008b800000|  0%| F|  |TAMS 0x000000008b700000, 0x000000008b700000| Untracked 
|  18|0x000000008b800000, 0x000000008b800000, 0x000000008b900000|  0%| F|  |TAMS 0x000000008b800000, 0x000000008b800000| Untracked 
|  19|0x000000008b900000, 0x000000008b900000, 0x000000008ba00000|  0%| F|  |TAMS 0x000000008b900000, 0x000000008b900000| Untracked 
|  20|0x000000008ba00000, 0x000000008ba00000, 0x000000008bb00000|  0%| F|  |TAMS 0x000000008ba00000, 0x000000008ba00000| Untracked 
|  21|0x000000008bb00000, 0x000000008bb00000, 0x000000008bc00000|  0%| F|  |TAMS 0x000000008bb00000, 0x000000008bb00000| Untracked 
|  22|0x000000008bc00000, 0x000000008bc00000, 0x000000008bd00000|  0%| F|  |TAMS 0x000000008bc00000, 0x000000008bc00000| Untracked 
|  23|0x000000008bd00000, 0x000000008bd00000, 0x000000008be00000|  0%| F|  |TAMS 0x000000008bd00000, 0x000000008bd00000| Untracked 
|  24|0x000000008be00000, 0x000000008be00000, 0x000000008bf00000|  0%| F|  |TAMS 0x000000008be00000, 0x000000008be00000| Untracked 
|  25|0x000000008bf00000, 0x000000008bf00000, 0x000000008c000000|  0%| F|  |TAMS 0x000000008bf00000, 0x000000008bf00000| Untracked 
|  26|0x000000008c000000, 0x000000008c000000, 0x000000008c100000|  0%| F|  |TAMS 0x000000008c000000, 0x000000008c000000| Untracked 
|  27|0x000000008c100000, 0x000000008c100000, 0x000000008c200000|  0%| F|  |TAMS 0x000000008c100000, 0x000000008c100000| Untracked 
|  28|0x000000008c200000, 0x000000008c200000, 0x000000008c300000|  0%| F|  |TAMS 0x000000008c200000, 0x000000008c200000| Untracked 
|  29|0x000000008c300000, 0x000000008c300000, 0x000000008c400000|  0%| F|  |TAMS 0x000000008c300000, 0x000000008c300000| Untracked 
|  30|0x000000008c400000, 0x000000008c400000, 0x000000008c500000|  0%| F|  |TAMS 0x000000008c400000, 0x000000008c400000| Untracked 
|  31|0x000000008c500000, 0x000000008c500000, 0x000000008c600000|  0%| F|  |TAMS 0x000000008c500000, 0x000000008c500000| Untracked 
|  32|0x000000008c600000, 0x000000008c600000, 0x000000008c700000|  0%| F|  |TAMS 0x000000008c600000, 0x000000008c600000| Untracked 
|  33|0x000000008c700000, 0x000000008c700000, 0x000000008c800000|  0%| F|  |TAMS 0x000000008c700000, 0x000000008c700000| Untracked 
|  34|0x000000008c800000, 0x000000008c800000, 0x000000008c900000|  0%| F|  |TAMS 0x000000008c800000, 0x000000008c800000| Untracked 
|  35|0x000000008c900000, 0x000000008c900000, 0x000000008ca00000|  0%| F|  |TAMS 0x000000008c900000, 0x000000008c900000| Untracked 
|  36|0x000000008ca00000, 0x000000008ca00000, 0x000000008cb00000|  0%| F|  |TAMS 0x000000008ca00000, 0x000000008ca00000| Untracked 
|  37|0x000000008cb00000, 0x000000008cb00000, 0x000000008cc00000|  0%| F|  |TAMS 0x000000008cb00000, 0x000000008cb00000| Untracked 
|  38|0x000000008cc00000, 0x000000008cc00000, 0x000000008cd00000|  0%| F|  |TAMS 0x000000008cc00000, 0x000000008cc00000| Untracked 
|  39|0x000000008cd00000, 0x000000008cd00000, 0x000000008ce00000|  0%| F|  |TAMS 0x000000008cd00000, 0x000000008cd00000| Untracked 
|  40|0x000000008ce00000, 0x000000008ce00000, 0x000000008cf00000|  0%| F|  |TAMS 0x000000008ce00000, 0x000000008ce00000| Untracked 
|  41|0x000000008cf00000, 0x000000008cf00000, 0x000000008d000000|  0%| F|  |TAMS 0x000000008cf00000, 0x000000008cf00000| Untracked 
|  42|0x000000008d000000, 0x000000008d000000, 0x000000008d100000|  0%| F|  |TAMS 0x000000008d000000, 0x000000008d000000| Untracked 
|  43|0x000000008d100000, 0x000000008d100000, 0x000000008d200000|  0%| F|  |TAMS 0x000000008d100000, 0x000000008d100000| Untracked 
|  44|0x000000008d200000, 0x000000008d200000, 0x000000008d300000|  0%| F|  |TAMS 0x000000008d200000, 0x000000008d200000| Untracked 
|  45|0x000000008d300000, 0x000000008d300000, 0x000000008d400000|  0%| F|  |TAMS 0x000000008d300000, 0x000000008d300000| Untracked 
|  46|0x000000008d400000, 0x000000008d400000, 0x000000008d500000|  0%| F|  |TAMS 0x000000008d400000, 0x000000008d400000| Untracked 
|  47|0x000000008d500000, 0x000000008d500000, 0x000000008d600000|  0%| F|  |TAMS 0x000000008d500000, 0x000000008d500000| Untracked 
|  48|0x000000008d600000, 0x000000008d600000, 0x000000008d700000|  0%| F|  |TAMS 0x000000008d600000, 0x000000008d600000| Untracked 
|  49|0x000000008d700000, 0x000000008d700000, 0x000000008d800000|  0%| F|  |TAMS 0x000000008d700000, 0x000000008d700000| Untracked 
|  50|0x000000008d800000, 0x000000008d800000, 0x000000008d900000|  0%| F|  |TAMS 0x000000008d800000, 0x000000008d800000| Untracked 
|  51|0x000000008d900000, 0x000000008d900000, 0x000000008da00000|  0%| F|  |TAMS 0x000000008d900000, 0x000000008d900000| Untracked 
|  52|0x000000008da00000, 0x000000008da00000, 0x000000008db00000|  0%| F|  |TAMS 0x000000008da00000, 0x000000008da00000| Untracked 
|  53|0x000000008db00000, 0x000000008db00000, 0x000000008dc00000|  0%| F|  |TAMS 0x000000008db00000, 0x000000008db00000| Untracked 
|  54|0x000000008dc00000, 0x000000008dc00000, 0x000000008dd00000|  0%| F|  |TAMS 0x000000008dc00000, 0x000000008dc00000| Untracked 
|  55|0x000000008dd00000, 0x000000008dd00000, 0x000000008de00000|  0%| F|  |TAMS 0x000000008dd00000, 0x000000008dd00000| Untracked 
|  56|0x000000008de00000, 0x000000008de00000, 0x000000008df00000|  0%| F|  |TAMS 0x000000008de00000, 0x000000008de00000| Untracked 
|  57|0x000000008df00000, 0x000000008df00000, 0x000000008e000000|  0%| F|  |TAMS 0x000000008df00000, 0x000000008df00000| Untracked 
|  58|0x000000008e000000, 0x000000008e000000, 0x000000008e100000|  0%| F|  |TAMS 0x000000008e000000, 0x000000008e000000| Untracked 
|  59|0x000000008e100000, 0x000000008e100000, 0x000000008e200000|  0%| F|  |TAMS 0x000000008e100000, 0x000000008e100000| Untracked 
|  60|0x000000008e200000, 0x000000008e200000, 0x000000008e300000|  0%| F|  |TAMS 0x000000008e200000, 0x000000008e200000| Untracked 
|  61|0x000000008e300000, 0x000000008e300000, 0x000000008e400000|  0%| F|  |TAMS 0x000000008e300000, 0x000000008e300000| Untracked 
|  62|0x000000008e400000, 0x000000008e400000, 0x000000008e500000|  0%| F|  |TAMS 0x000000008e400000, 0x000000008e400000| Untracked 
|  63|0x000000008e500000, 0x000000008e500000, 0x000000008e600000|  0%| F|  |TAMS 0x000000008e500000, 0x000000008e500000| Untracked 
|  64|0x000000008e600000, 0x000000008e600000, 0x000000008e700000|  0%| F|  |TAMS 0x000000008e600000, 0x000000008e600000| Untracked 
|  65|0x000000008e700000, 0x000000008e700000, 0x000000008e800000|  0%| F|  |TAMS 0x000000008e700000, 0x000000008e700000| Untracked 
|  66|0x000000008e800000, 0x000000008e800000, 0x000000008e900000|  0%| F|  |TAMS 0x000000008e800000, 0x000000008e800000| Untracked 
|  67|0x000000008e900000, 0x000000008e900000, 0x000000008ea00000|  0%| F|  |TAMS 0x000000008e900000, 0x000000008e900000| Untracked 
|  68|0x000000008ea00000, 0x000000008ea00000, 0x000000008eb00000|  0%| F|  |TAMS 0x000000008ea00000, 0x000000008ea00000| Untracked 
|  69|0x000000008eb00000, 0x000000008eb00000, 0x000000008ec00000|  0%| F|  |TAMS 0x000000008eb00000, 0x000000008eb00000| Untracked 
|  70|0x000000008ec00000, 0x000000008ec00000, 0x000000008ed00000|  0%| F|  |TAMS 0x000000008ec00000, 0x000000008ec00000| Untracked 
|  71|0x000000008ed00000, 0x000000008ed00000, 0x000000008ee00000|  0%| F|  |TAMS 0x000000008ed00000, 0x000000008ed00000| Untracked 
|  72|0x000000008ee00000, 0x000000008ee00000, 0x000000008ef00000|  0%| F|  |TAMS 0x000000008ee00000, 0x000000008ee00000| Untracked 
|  73|0x000000008ef00000, 0x000000008ef00000, 0x000000008f000000|  0%| F|  |TAMS 0x000000008ef00000, 0x000000008ef00000| Untracked 
|  74|0x000000008f000000, 0x000000008f000000, 0x000000008f100000|  0%| F|  |TAMS 0x000000008f000000, 0x000000008f000000| Untracked 
|  75|0x000000008f100000, 0x000000008f100000, 0x000000008f200000|  0%| F|  |TAMS 0x000000008f100000, 0x000000008f100000| Untracked 
|  76|0x000000008f200000, 0x000000008f200000, 0x000000008f300000|  0%| F|  |TAMS 0x000000008f200000, 0x000000008f200000| Untracked 
|  77|0x000000008f300000, 0x000000008f300000, 0x000000008f400000|  0%| F|  |TAMS 0x000000008f300000, 0x000000008f300000| Untracked 
|  78|0x000000008f400000, 0x000000008f400000, 0x000000008f500000|  0%| F|  |TAMS 0x000000008f400000, 0x000000008f400000| Untracked 
|  79|0x000000008f500000, 0x000000008f500000, 0x000000008f600000|  0%| F|  |TAMS 0x000000008f500000, 0x000000008f500000| Untracked 
|  80|0x000000008f600000, 0x000000008f600000, 0x000000008f700000|  0%| F|  |TAMS 0x000000008f600000, 0x000000008f600000| Untracked 
|  81|0x000000008f700000, 0x000000008f700000, 0x000000008f800000|  0%| F|  |TAMS 0x000000008f700000, 0x000000008f700000| Untracked 
|  82|0x000000008f800000, 0x000000008f800000, 0x000000008f900000|  0%| F|  |TAMS 0x000000008f800000, 0x000000008f800000| Untracked 
|  83|0x000000008f900000, 0x000000008f900000, 0x000000008fa00000|  0%| F|  |TAMS 0x000000008f900000, 0x000000008f900000| Untracked 
|  84|0x000000008fa00000, 0x000000008fa00000, 0x000000008fb00000|  0%| F|  |TAMS 0x000000008fa00000, 0x000000008fa00000| Untracked 
|  85|0x000000008fb00000, 0x000000008fb00000, 0x000000008fc00000|  0%| F|  |TAMS 0x000000008fb00000, 0x000000008fb00000| Untracked 
|  86|0x000000008fc00000, 0x000000008fc00000, 0x000000008fd00000|  0%| F|  |TAMS 0x000000008fc00000, 0x000000008fc00000| Untracked 
|  87|0x000000008fd00000, 0x000000008fd00000, 0x000000008fe00000|  0%| F|  |TAMS 0x000000008fd00000, 0x000000008fd00000| Untracked 
|  88|0x000000008fe00000, 0x000000008fe00000, 0x000000008ff00000|  0%| F|  |TAMS 0x000000008fe00000, 0x000000008fe00000| Untracked 
|  89|0x000000008ff00000, 0x000000008ff00000, 0x0000000090000000|  0%| F|  |TAMS 0x000000008ff00000, 0x000000008ff00000| Untracked 
|  90|0x0000000090000000, 0x0000000090000000, 0x0000000090100000|  0%| F|  |TAMS 0x0000000090000000, 0x0000000090000000| Untracked 
|  91|0x0000000090100000, 0x0000000090100000, 0x0000000090200000|  0%| F|  |TAMS 0x0000000090100000, 0x0000000090100000| Untracked 
|  92|0x0000000090200000, 0x0000000090200000, 0x0000000090300000|  0%| F|  |TAMS 0x0000000090200000, 0x0000000090200000| Untracked 
|  93|0x0000000090300000, 0x0000000090300000, 0x0000000090400000|  0%| F|  |TAMS 0x0000000090300000, 0x0000000090300000| Untracked 
|  94|0x0000000090400000, 0x0000000090400000, 0x0000000090500000|  0%| F|  |TAMS 0x0000000090400000, 0x0000000090400000| Untracked 
|  95|0x0000000090500000, 0x0000000090500000, 0x0000000090600000|  0%| F|  |TAMS 0x0000000090500000, 0x0000000090500000| Untracked 
|  96|0x0000000090600000, 0x0000000090600000, 0x0000000090700000|  0%| F|  |TAMS 0x0000000090600000, 0x0000000090600000| Untracked 
|  97|0x0000000090700000, 0x0000000090700000, 0x0000000090800000|  0%| F|  |TAMS 0x0000000090700000, 0x0000000090700000| Untracked 
|  98|0x0000000090800000, 0x0000000090800000, 0x0000000090900000|  0%| F|  |TAMS 0x0000000090800000, 0x0000000090800000| Untracked 
|  99|0x0000000090900000, 0x0000000090900000, 0x0000000090a00000|  0%| F|  |TAMS 0x0000000090900000, 0x0000000090900000| Untracked 
| 100|0x0000000090a00000, 0x0000000090a00000, 0x0000000090b00000|  0%| F|  |TAMS 0x0000000090a00000, 0x0000000090a00000| Untracked 
| 101|0x0000000090b00000, 0x0000000090b00000, 0x0000000090c00000|  0%| F|  |TAMS 0x0000000090b00000, 0x0000000090b00000| Untracked 
| 102|0x0000000090c00000, 0x0000000090c00000, 0x0000000090d00000|  0%| F|  |TAMS 0x0000000090c00000, 0x0000000090c00000| Untracked 
| 103|0x0000000090d00000, 0x0000000090d00000, 0x0000000090e00000|  0%| F|  |TAMS 0x0000000090d00000, 0x0000000090d00000| Untracked 
| 104|0x0000000090e00000, 0x0000000090e00000, 0x0000000090f00000|  0%| F|  |TAMS 0x0000000090e00000, 0x0000000090e00000| Untracked 
| 105|0x0000000090f00000, 0x0000000090f00000, 0x0000000091000000|  0%| F|  |TAMS 0x0000000090f00000, 0x0000000090f00000| Untracked 
| 106|0x0000000091000000, 0x0000000091000000, 0x0000000091100000|  0%| F|  |TAMS 0x0000000091000000, 0x0000000091000000| Untracked 
| 107|0x0000000091100000, 0x0000000091100000, 0x0000000091200000|  0%| F|  |TAMS 0x0000000091100000, 0x0000000091100000| Untracked 
| 108|0x0000000091200000, 0x0000000091200000, 0x0000000091300000|  0%| F|  |TAMS 0x0000000091200000, 0x0000000091200000| Untracked 
| 109|0x0000000091300000, 0x0000000091300000, 0x0000000091400000|  0%| F|  |TAMS 0x0000000091300000, 0x0000000091300000| Untracked 
| 110|0x0000000091400000, 0x0000000091400000, 0x0000000091500000|  0%| F|  |TAMS 0x0000000091400000, 0x0000000091400000| Untracked 
| 111|0x0000000091500000, 0x0000000091576440, 0x0000000091600000| 46%| E|  |TAMS 0x0000000091500000, 0x0000000091500000| Complete 
| 112|0x0000000091600000, 0x0000000091700000, 0x0000000091700000|100%| E|CS|TAMS 0x0000000091600000, 0x0000000091600000| Complete 
| 113|0x0000000091700000, 0x0000000091800000, 0x0000000091800000|100%| E|CS|TAMS 0x0000000091700000, 0x0000000091700000| Complete 
| 114|0x0000000091800000, 0x0000000091900000, 0x0000000091900000|100%| E|CS|TAMS 0x0000000091800000, 0x0000000091800000| Complete 
| 115|0x0000000091900000, 0x0000000091a00000, 0x0000000091a00000|100%| E|CS|TAMS 0x0000000091900000, 0x0000000091900000| Complete 
| 116|0x0000000091a00000, 0x0000000091b00000, 0x0000000091b00000|100%| E|CS|TAMS 0x0000000091a00000, 0x0000000091a00000| Complete 
| 117|0x0000000091b00000, 0x0000000091c00000, 0x0000000091c00000|100%| E|CS|TAMS 0x0000000091b00000, 0x0000000091b00000| Complete 

Card table byte_map: [0x0000020d780b0000,0x0000020d78460000] _byte_map_base: 0x0000020d77c5d000

Marking Bits (Prev, Next): (CMBitMap*) 0x0000020d6da5b900, (CMBitMap*) 0x0000020d6da5b940
 Prev Bits: [0x0000020d78810000, 0x0000020d7a578000)
 Next Bits: [0x0000020d7a580000, 0x0000020d7c2e8000)

Polling page: 0x0000020d6dda0000

Metaspace:

Usage:
  Non-class:    620.09 KB used.
      Class:     51.98 KB used.
       Both:    672.07 KB used.

Virtual space:
  Non-class space:       64.00 MB reserved,     704.00 KB (  1%) committed,  1 nodes.
      Class space:        1.00 GB reserved,     128.00 KB ( <1%) committed,  1 nodes.
             Both:        1.06 GB reserved,     832.00 KB ( <1%) committed. 

Chunk freelists:
   Non-Class:  3.99 MB
       Class:  3.74 MB
        Both:  7.73 MB

MaxMetaspaceSize: unlimited
CompressedClassSpaceSize: 1.00 GB
Initial GC threshold: 21.00 MB
Current GC threshold: 21.00 MB
CDS: on
MetaspaceReclaimPolicy: balanced
 - commit_granule_bytes: 65536.
 - commit_granule_words: 8192.
 - virtual_space_node_default_size: 8388608.
 - enlarge_chunks_in_place: 1.
 - new_chunks_are_fully_committed: 0.
 - uncommit_free_chunks: 1.
 - use_allocation_guard: 0.


Internal statistics:

num_allocs_failed_limit: 0.
num_arena_births: 12.
num_arena_deaths: 0.
num_vsnodes_births: 2.
num_vsnodes_deaths: 0.
num_space_committed: 13.
num_space_uncommitted: 0.
num_chunks_returned_to_freelist: 0.
num_chunks_taken_from_freelist: 13.
num_chunk_merges: 0.
num_chunk_splits: 8.
num_chunks_enlarged: 5.
num_inconsistent_stats: 0.

CodeHeap 'non-profiled nmethods': size=120000Kb used=92Kb max_used=92Kb free=119907Kb
 bounds [0x0000020d07ad0000, 0x0000020d07d40000, 0x0000020d0f000000]
CodeHeap 'profiled nmethods': size=120000Kb used=488Kb max_used=488Kb free=119512Kb
 bounds [0x0000020d005a0000, 0x0000020d00810000, 0x0000020d07ad0000]
CodeHeap 'non-nmethods': size=5760Kb used=1115Kb max_used=1130Kb free=4644Kb
 bounds [0x0000020d00000000, 0x0000020d00270000, 0x0000020d005a0000]
 total_blobs=723 nmethods=342 adapters=294
 compilation: enabled
              stopped_count=0, restarted_count=0
 full_count=0

Compilation events (20 events):
Event: 0.081 Thread 0x0000020d7ef8e190  223       3       java.util.stream.Collectors$$Lambda$22/0x800000039::accept (14 bytes)
Event: 0.081 Thread 0x0000020d7ef8e190 nmethod 223 0x0000020d005f3c10 code [0x0000020d005f3dc0, 0x0000020d005f40c8]
Event: 0.081 Thread 0x0000020d7ef8e190  183       3       java.util.HashMap$Node::<init> (26 bytes)
Event: 0.081 Thread 0x0000020d7ef8e190 nmethod 183 0x0000020d005f4210 code [0x0000020d005f43c0, 0x0000020d005f4638]
Event: 0.082 Thread 0x0000020d7ef8e190  238       3       java.util.HashMap::newNode (13 bytes)
Event: 0.082 Thread 0x0000020d7ef8e190 nmethod 238 0x0000020d005f4710 code [0x0000020d005f48c0, 0x0000020d005f4c18]
Event: 0.083 Thread 0x0000020d7ef8e190  240       3       java.lang.CharacterDataLatin1::isJavaIdentifierPart (20 bytes)
Event: 0.083 Thread 0x0000020d7ef8e190 nmethod 240 0x0000020d005f4d10 code [0x0000020d005f4ec0, 0x0000020d005f50b8]
Event: 0.083 Thread 0x0000020d7ef8e190  241       3       java.util.HashMap$HashIterator::nextNode (100 bytes)
Event: 0.084 Thread 0x0000020d7ef8e190 nmethod 241 0x0000020d005f5210 code [0x0000020d005f5400, 0x0000020d005f5938]
Event: 0.084 Thread 0x0000020d7ef8e190  242       3       java.util.HashMap$HashIterator::hasNext (13 bytes)
Event: 0.084 Thread 0x0000020d7ef8e190 nmethod 242 0x0000020d005f5b10 code [0x0000020d005f5ca0, 0x0000020d005f5e18]
Event: 0.084 Thread 0x0000020d7ef8e190  244       3       java.util.ImmutableCollections$SetN::iterator (9 bytes)
Event: 0.084 Thread 0x0000020d7ef8e190 nmethod 244 0x0000020d005f5e90 code [0x0000020d005f6040, 0x0000020d005f61e8]
Event: 0.084 Thread 0x0000020d7ef8e190  245       3       java.util.ImmutableCollections$SetN$SetNIterator::<init> (36 bytes)
Event: 0.084 Thread 0x0000020d7ef8e190 nmethod 245 0x0000020d005f6290 code [0x0000020d005f6440, 0x0000020d005f6638]
Event: 0.084 Thread 0x0000020d7ef8e190  243       3       java.util.HashMap$KeyIterator::next (8 bytes)
Event: 0.084 Thread 0x0000020d7ef8e190 nmethod 243 0x0000020d005f6710 code [0x0000020d005f68c0, 0x0000020d005f6a08]
Event: 0.084 Thread 0x0000020d7ef8e190  246       3       java.lang.module.ModuleDescriptor$Exports::hashCode (36 bytes)
Event: 0.084 Thread 0x0000020d7ef8e190 nmethod 246 0x0000020d005f6b10 code [0x0000020d005f6ce0, 0x0000020d005f6f68]

GC Heap History (0 events):
No events

Deoptimization events (20 events):
Event: 0.080 Thread 0x0000020d6dce7540 DEOPT PACKING pc=0x0000020d005db83f sp=0x00000075dc4fda60
Event: 0.080 Thread 0x0000020d6dce7540 DEOPT UNPACKING pc=0x0000020d00052b43 sp=0x00000075dc4fcef0 mode 0
Event: 0.081 Thread 0x0000020d6dce7540 DEOPT PACKING pc=0x0000020d005d0bd6 sp=0x00000075dc4fda40
Event: 0.081 Thread 0x0000020d6dce7540 DEOPT UNPACKING pc=0x0000020d00052b43 sp=0x00000075dc4fcee0 mode 0
Event: 0.081 Thread 0x0000020d6dce7540 DEOPT PACKING pc=0x0000020d005d0bd6 sp=0x00000075dc4fda20
Event: 0.081 Thread 0x0000020d6dce7540 DEOPT UNPACKING pc=0x0000020d00052b43 sp=0x00000075dc4fcea8 mode 0
Event: 0.082 Thread 0x0000020d6dce7540 DEOPT PACKING pc=0x0000020d005d0bd6 sp=0x00000075dc4fda20
Event: 0.082 Thread 0x0000020d6dce7540 DEOPT UNPACKING pc=0x0000020d00052b43 sp=0x00000075dc4fcea8 mode 0
Event: 0.082 Thread 0x0000020d6dce7540 DEOPT PACKING pc=0x0000020d005d0bd6 sp=0x00000075dc4fda20
Event: 0.082 Thread 0x0000020d6dce7540 DEOPT UNPACKING pc=0x0000020d00052b43 sp=0x00000075dc4fcea8 mode 0
Event: 0.083 Thread 0x0000020d6dce7540 DEOPT PACKING pc=0x0000020d005d0bd6 sp=0x00000075dc4fda20
Event: 0.083 Thread 0x0000020d6dce7540 DEOPT UNPACKING pc=0x0000020d00052b43 sp=0x00000075dc4fcea8 mode 0
Event: 0.083 Thread 0x0000020d6dce7540 Uncommon trap: trap_request=0xffffff45 fr.pc=0x0000020d07adb304 relative=0x0000000000000084
Event: 0.083 Thread 0x0000020d6dce7540 Uncommon trap: reason=unstable_if action=reinterpret pc=0x0000020d07adb304 method=java.lang.CharacterDataLatin1.isJavaIdentifierPart(I)Z @ 11 c2
Event: 0.083 Thread 0x0000020d6dce7540 DEOPT PACKING pc=0x0000020d07adb304 sp=0x00000075dc4fd9b0
Event: 0.083 Thread 0x0000020d6dce7540 DEOPT UNPACKING pc=0x0000020d000523a3 sp=0x00000075dc4fd928 mode 2
Event: 0.083 Thread 0x0000020d6dce7540 Uncommon trap: trap_request=0xffffff45 fr.pc=0x0000020d07adb62c relative=0x000000000000008c
Event: 0.083 Thread 0x0000020d6dce7540 Uncommon trap: reason=unstable_if action=reinterpret pc=0x0000020d07adb62c method=java.lang.StringLatin1.lastIndexOf([BI[BII)I @ 32 c2
Event: 0.083 Thread 0x0000020d6dce7540 DEOPT PACKING pc=0x0000020d07adb62c sp=0x00000075dc4fd9b0
Event: 0.083 Thread 0x0000020d6dce7540 DEOPT UNPACKING pc=0x0000020d000523a3 sp=0x00000075dc4fd908 mode 2

Classes loaded (14 events):
Event: 0.025 Loading class sun/nio/cs/UTF_8$Encoder
Event: 0.026 Loading class sun/nio/cs/UTF_8$Encoder done
Event: 0.059 Loading class jdk/internal/module/ModuleInfo
Event: 0.059 Loading class jdk/internal/module/ModuleInfo done
Event: 0.059 Loading class jdk/internal/module/ModuleInfo$CountingDataInput
Event: 0.059 Loading class jdk/internal/module/ModuleInfo$CountingDataInput done
Event: 0.059 Loading class jdk/internal/module/ModuleInfo$ConstantPool
Event: 0.059 Loading class jdk/internal/module/ModuleInfo$ConstantPool done
Event: 0.059 Loading class jdk/internal/module/ModuleInfo$ConstantPool$Entry
Event: 0.059 Loading class jdk/internal/module/ModuleInfo$ConstantPool$Entry done
Event: 0.059 Loading class jdk/internal/module/ModuleInfo$ConstantPool$IndexEntry
Event: 0.059 Loading class jdk/internal/module/ModuleInfo$ConstantPool$IndexEntry done
Event: 0.059 Loading class jdk/internal/module/ModuleInfo$ConstantPool$ValueEntry
Event: 0.059 Loading class jdk/internal/module/ModuleInfo$ConstantPool$ValueEntry done

Classes unloaded (0 events):
No events

Classes redefined (0 events):
No events

Internal exceptions (0 events):
No events

VM Operations (0 events):
No events

Events (17 events):
Event: 0.011 Loaded shared library C:\Users\ilyes\.jdks\corretto-18.0.2\bin\java.dll
Event: 0.018 Loaded shared library C:\Users\ilyes\.jdks\corretto-18.0.2\bin\jsvml.dll
Event: 0.018 Thread 0x0000020d6dce7540 Thread added: 0x0000020d6dce7540
Event: 0.020 Thread 0x0000020d7ef63450 Thread added: 0x0000020d7ef63450
Event: 0.020 Thread 0x0000020d7ef644c0 Thread added: 0x0000020d7ef644c0
Event: 0.026 Thread 0x0000020d7ef7f5d0 Thread added: 0x0000020d7ef7f5d0
Event: 0.027 Thread 0x0000020d7ef7fe80 Thread added: 0x0000020d7ef7fe80
Event: 0.027 Thread 0x0000020d7ef80820 Thread added: 0x0000020d7ef80820
Event: 0.027 Thread 0x0000020d7ef891d0 Thread added: 0x0000020d7ef891d0
Event: 0.027 Thread 0x0000020d7ef8d7b0 Thread added: 0x0000020d7ef8d7b0
Event: 0.027 Thread 0x0000020d7ef8e190 Thread added: 0x0000020d7ef8e190
Event: 0.027 Thread 0x0000020d7ef90b80 Thread added: 0x0000020d7ef90b80
Event: 0.046 Thread 0x0000020d7ef500d0 Thread added: 0x0000020d7ef500d0
Event: 0.050 Loaded shared library C:\Users\ilyes\.jdks\corretto-18.0.2\bin\net.dll
Event: 0.052 Loaded shared library C:\Users\ilyes\.jdks\corretto-18.0.2\bin\nio.dll
Event: 0.057 Loaded shared library C:\Users\ilyes\.jdks\corretto-18.0.2\bin\zip.dll
Event: 0.075 Thread 0x0000020d7f2cbf00 Thread added: 0x0000020d7f2cbf00


Dynamic libraries:
0x00007ff77c0d0000 - 0x00007ff77c0dd000 	C:\Users\ilyes\.jdks\corretto-18.0.2\bin\java.exe
0x00007ffb7e7f0000 - 0x00007ffb7ea07000 	C:\WINDOWS\SYSTEM32\ntdll.dll
0x00007ffb7dc30000 - 0x00007ffb7dcf4000 	C:\WINDOWS\System32\KERNEL32.DLL
0x00007ffb7bc60000 - 0x00007ffb7c00d000 	C:\WINDOWS\System32\KERNELBASE.dll
0x00007ffb7c400000 - 0x00007ffb7c511000 	C:\WINDOWS\System32\ucrtbase.dll
0x00007ffb66c40000 - 0x00007ffb66c55000 	C:\Users\ilyes\.jdks\corretto-18.0.2\bin\VCRUNTIME140.dll
0x00007ffb66c60000 - 0x00007ffb66c77000 	C:\Users\ilyes\.jdks\corretto-18.0.2\bin\jli.dll
0x00007ffb7dff0000 - 0x00007ffb7e19e000 	C:\WINDOWS\System32\USER32.dll
0x00007ffb7bc30000 - 0x00007ffb7bc56000 	C:\WINDOWS\System32\win32u.dll
0x00007ffb67df0000 - 0x00007ffb68083000 	C:\WINDOWS\WinSxS\amd64_microsoft.windows.common-controls_6595b64144ccf1df_6.0.22621.3672_none_2713b9d173822955\COMCTL32.dll
0x00007ffb7d570000 - 0x00007ffb7d599000 	C:\WINDOWS\System32\GDI32.dll
0x00007ffb7c010000 - 0x00007ffb7c129000 	C:\WINDOWS\System32\gdi32full.dll
0x00007ffb7dd80000 - 0x00007ffb7de27000 	C:\WINDOWS\System32\msvcrt.dll
0x00007ffb7bb90000 - 0x00007ffb7bc2a000 	C:\WINDOWS\System32\msvcp_win.dll
0x00007ffb7d4e0000 - 0x00007ffb7d511000 	C:\WINDOWS\System32\IMM32.DLL
0x00007ffb46e40000 - 0x00007ffb46edb000 	C:\Users\ilyes\.jdks\corretto-18.0.2\bin\msvcp140.dll
0x00007ffb17e00000 - 0x00007ffb18a71000 	C:\Users\ilyes\.jdks\corretto-18.0.2\bin\server\jvm.dll
0x00007ffb7c520000 - 0x00007ffb7c5d2000 	C:\WINDOWS\System32\ADVAPI32.dll
0x00007ffb7cba0000 - 0x00007ffb7cc49000 	C:\WINDOWS\System32\sechost.dll
0x00007ffb7c360000 - 0x00007ffb7c388000 	C:\WINDOWS\System32\bcrypt.dll
0x00007ffb7c600000 - 0x00007ffb7c714000 	C:\WINDOWS\System32\RPCRT4.dll
0x00007ffb7e7a0000 - 0x00007ffb7e7a8000 	C:\WINDOWS\System32\PSAPI.DLL
0x00007ffb3e450000 - 0x00007ffb3e459000 	C:\WINDOWS\SYSTEM32\WSOCK32.dll
0x00007ffb775c0000 - 0x00007ffb775f4000 	C:\WINDOWS\SYSTEM32\WINMM.dll
0x00007ffb7d5a0000 - 0x00007ffb7d611000 	C:\WINDOWS\System32\WS2_32.dll
0x00007ffb76880000 - 0x00007ffb7688a000 	C:\WINDOWS\SYSTEM32\VERSION.dll
0x00007ffb7ab20000 - 0x00007ffb7ab38000 	C:\WINDOWS\SYSTEM32\kernel.appcore.dll
0x00007ffb65c60000 - 0x00007ffb65c6a000 	C:\Users\ilyes\.jdks\corretto-18.0.2\bin\jimage.dll
0x00007ffb73d60000 - 0x00007ffb73f92000 	C:\WINDOWS\SYSTEM32\DBGHELP.DLL
0x00007ffb7d6d0000 - 0x00007ffb7da5d000 	C:\WINDOWS\System32\combase.dll
0x00007ffb7de30000 - 0x00007ffb7df07000 	C:\WINDOWS\System32\OLEAUT32.dll
0x00007ffb5dd40000 - 0x00007ffb5dd72000 	C:\WINDOWS\SYSTEM32\dbgcore.DLL
0x00007ffb7bb10000 - 0x00007ffb7bb8b000 	C:\WINDOWS\System32\bcryptPrimitives.dll
0x00007ffb764f0000 - 0x00007ffb764fe000 	C:\Users\ilyes\.jdks\corretto-18.0.2\bin\instrument.dll
0x00007ffb65c20000 - 0x00007ffb65c45000 	C:\Users\ilyes\.jdks\corretto-18.0.2\bin\java.dll
0x00007ffb2ff30000 - 0x00007ffb30006000 	C:\Users\ilyes\.jdks\corretto-18.0.2\bin\jsvml.dll
0x00007ffb7cc70000 - 0x00007ffb7d4d8000 	C:\WINDOWS\System32\SHELL32.dll
0x00007ffb79a40000 - 0x00007ffb7a33e000 	C:\WINDOWS\SYSTEM32\windows.storage.dll
0x00007ffb79900000 - 0x00007ffb79a3f000 	C:\WINDOWS\SYSTEM32\wintypes.dll
0x00007ffb7e300000 - 0x00007ffb7e3f9000 	C:\WINDOWS\System32\SHCORE.dll
0x00007ffb7dd00000 - 0x00007ffb7dd5e000 	C:\WINDOWS\System32\shlwapi.dll
0x00007ffb7ba40000 - 0x00007ffb7ba61000 	C:\WINDOWS\SYSTEM32\profapi.dll
0x00007ffb65c00000 - 0x00007ffb65c13000 	C:\Users\ilyes\.jdks\corretto-18.0.2\bin\net.dll
0x00007ffb77c70000 - 0x00007ffb77da6000 	C:\WINDOWS\SYSTEM32\WINHTTP.dll
0x00007ffb7af90000 - 0x00007ffb7aff9000 	C:\WINDOWS\system32\mswsock.dll
0x00007ffb64c20000 - 0x00007ffb64c35000 	C:\Users\ilyes\.jdks\corretto-18.0.2\bin\nio.dll
0x00007ffb64c00000 - 0x00007ffb64c18000 	C:\Users\ilyes\.jdks\corretto-18.0.2\bin\zip.dll

dbghelp: loaded successfully - version: 4.0.5 - missing functions: none
symbol engine: initialized successfully - sym options: 0x614 - pdb path: .;C:\Users\ilyes\.jdks\corretto-18.0.2\bin;C:\WINDOWS\SYSTEM32;C:\WINDOWS\WinSxS\amd64_microsoft.windows.common-controls_6595b64144ccf1df_6.0.22621.3672_none_2713b9d173822955;C:\Users\ilyes\.jdks\corretto-18.0.2\bin\server

VM Arguments:
jvm_args: -javaagent:C:\Program Files\JetBrains\IntelliJ IDEA 2023.2.1\lib\idea_rt.jar=60334:C:\Program Files\JetBrains\IntelliJ IDEA 2023.2.1\bin -Dfile.encoding=UTF-8 -Dsun.stdout.encoding=UTF-8 -Dsun.stderr.encoding=UTF-8 --module-path=C:\Users\ilyes\.m2\repository\org\openjfx\javafx-graphics\18.0.2\javafx-graphics-18.0.2-win.jar;C:\Users\ilyes\.m2\repository\org\openjfx\javafx-fxml\18.0.2\javafx-fxml-18.0.2-win.jar;C:\Users\ilyes\.m2\repository\org\openjfx\javafx-base\18.0.2\javafx-base-18.0.2-win.jar;C:\Users\ilyes\.m2\repository\org\kordamp\bootstrapfx\bootstrapfx-core\0.4.0\bootstrapfx-core-0.4.0.jar;C:\Users\ilyes\.m2\repository\org\controlsfx\controlsfx\11.1.2\controlsfx-11.1.2.jar;C:\Users\ilyes\CodePerso\JavaFX\Morpion\target\classes;C:\Users\ilyes\.m2\repository\com\dlsc\formsfx\formsfx-core\11.6.0\formsfx-core-11.6.0.jar;C:\Users\ilyes\.m2\repository\org\openjfx\javafx-controls\18.0.2\javafx-controls-18.0.2-win.jar -Djdk.module.main=com.example.morpion 
java_command: com.example.morpion/com.example.morpion.MorpionApplication
java_class_path (initial): C:\Users\ilyes\.m2\repository\org\openjfx\javafx-controls\18.0.2\javafx-controls-18.0.2.jar;C:\Users\ilyes\.m2\repository\org\openjfx\javafx-graphics\18.0.2\javafx-graphics-18.0.2.jar;C:\Users\ilyes\.m2\repository\org\openjfx\javafx-base\18.0.2\javafx-base-18.0.2.jar;C:\Users\ilyes\.m2\repository\org\openjfx\javafx-fxml\18.0.2\javafx-fxml-18.0.2.jar
Launcher Type: SUN_STANDARD

[Global flags]
     intx CICompilerCount                          = 4                                         {product} {ergonomic}
     uint ConcGCThreads                            = 3                                         {product} {ergonomic}
     uint G1ConcRefinementThreads                  = 10                                        {product} {ergonomic}
   size_t G1HeapRegionSize                         = 1048576                                   {product} {ergonomic}
    uintx GCDrainStackTargetSize                   = 64                                        {product} {ergonomic}
   size_t InitialHeapSize                          = 123731968                                 {product} {ergonomic}
   size_t MarkStackSize                            = 4194304                                   {product} {ergonomic}
   size_t MaxHeapSize                              = 1973420032                                {product} {ergonomic}
   size_t MaxNewSize                               = 1183842304                                {product} {ergonomic}
   size_t MinHeapDeltaBytes                        = 1048576                                   {product} {ergonomic}
   size_t MinHeapSize                              = 8388608                                   {product} {ergonomic}
    uintx NonNMethodCodeHeapSize                   = 5839372                                {pd product} {ergonomic}
    uintx NonProfiledCodeHeapSize                  = 122909434                              {pd product} {ergonomic}
    uintx ProfiledCodeHeapSize                     = 122909434                              {pd product} {ergonomic}
    uintx ReservedCodeCacheSize                    = 251658240                              {pd product} {ergonomic}
     bool SegmentedCodeCache                       = true                                      {product} {ergonomic}
   size_t SoftMaxHeapSize                          = 1973420032                             {manageable} {ergonomic}
     bool UseCompressedClassPointers               = true                           {product lp64_product} {ergonomic}
     bool UseCompressedOops                        = true                           {product lp64_product} {ergonomic}
     bool UseG1GC                                  = true                                      {product} {ergonomic}
     bool UseLargePagesIndividualAllocation        = false                                  {pd product} {ergonomic}

Logging:
Log output configuration:
 #0: stdout all=warning uptime,level,tags foldmultilines=false
 #1: stderr all=off uptime,level,tags foldmultilines=false

Environment Variables:
PATH=C:\Program Files\Common Files\Oracle\Java\javapath;C:\windows\system32;C:\windows;C:\windows\System32\Wbem;C:\windows\System32\WindowsPowerShell\v1.0\;C:\windows\System32\OpenSSH\;C:\Program Files (x86)\NVIDIA Corporation\PhysX\Common;C:\Program Files\NVIDIA Corporation\NVIDIA NvDLISR;C:\WINDOWS\system32;C:\WINDOWS;C:\WINDOWS\System32\Wbem;C:\WINDOWS\System32\WindowsPowerShell\v1.0\;C:\WINDOWS\System32\OpenSSH\;C:\Program Files\Git\cmd;C:\Program Files (x86)\Bitvise SSH Client;C:\Tools\vcpkg;C:\Users\ilyes\AppData\Local\Microsoft\WindowsApps;C:\Users\ilyes\AppData\Local\Programs\Microsoft VS Code\bin;C:\Users\ilyes\AppData\Local\Programs\MiKTeX\miktex\bin\x64\;C:\Program Files\LOVE;C:\mingw64\bin;
USERNAME=ilyes
OS=Windows_NT
PROCESSOR_IDENTIFIER=AMD64 Family 25 Model 80 Stepping 0, AuthenticAMD



---------------  S Y S T E M  ---------------

OS:
 Windows 11 , 64 bit Build 22621 (10.0.22621.3958)
OS uptime: 9 days 3:20 hours

CPU: total 12 (initial active 12) (12 cores per cpu, 2 threads per core) family 25 model 80 stepping 0 microcode 0x0, cx8, cmov, fxsr, ht, mmx, 3dnowpref, sse, sse2, sse3, ssse3, sse4a, sse4.1, sse4.2, popcnt, lzcnt, tsc, tscinvbit, avx, avx2, aes, erms, clmul, bmi1, bmi2, adx, sha, fma, vzeroupper, clflush, clflushopt

Memory: 4k page, system-wide physical 7521M (445M free)
TotalPageFile size 31073M (AvailPageFile size 0M)
current process WorkingSet (physical memory assigned to process): 40M, peak: 40M
current process commit charge ("private bytes"): 206M, peak: 206M

vm_info: OpenJDK 64-Bit Server VM (18.0.2+9-FR) for windows-amd64 JRE (18.0.2+9-FR), built on Jul 15 2022 20:03:03 by "Administrator" with MS VC++ 15.9 (VS2017)

END.
